# JRE version: Java(TM) SE Runtime Environment (8.0_112-b15) (build 1.8.0_112-b15)
# Java VM: Java HotSpot(TM) 64-Bit Server VM (25.112-b15 mixed mode linux-amd64 compressed oops)
Heap:
 PSYoungGen      total 250368K, used 10234K [0x000000076d000000, 0x000000077de80000, 0x00000007c0000000)
  eden space 240128K, 0% used [0x000000076d000000,0x000000076d000000,0x000000077ba80000)
  from space 10240K, 99% used [0x000000077ca80000,0x000000077d47e878,0x000000077d480000)
  to   space 8704K, 0% used [0x000000077d600000,0x000000077d600000,0x000000077de80000)
 ParOldGen       total 78848K, used 16776K [0x00000006c7000000, 0x00000006cbd00000, 0x000000076d000000)
  object space 78848K, 21% used [0x00000006c7000000,0x00000006c80623c0,0x00000006cbd00000)
 Metaspace       used 34823K, capacity 35190K, committed 35456K, reserved 1081344K
  class space    used 4258K, capacity 4368K, committed 4480K, reserved 1048576K
GC Heap History (10 events):
Event: 1,930 GC heap after
Heap after GC invocations=1 (full 0):
 PSYoungGen      total 74752K, used 8838K [0x000000076d000000, 0x0000000776200000, 0x00000007c0000000)
  eden space 64512K, 0% used [0x000000076d000000,0x000000076d000000,0x0000000770f00000)
  from space 10240K, 86% used [0x0000000770f00000,0x00000007717a1870,0x0000000771900000)
  to   space 10240K, 0% used [0x0000000775800000,0x0000000775800000,0x0000000776200000)
 ParOldGen       total 171008K, used 8K [0x00000006c7000000, 0x00000006d1700000, 0x000000076d000000)
  object space 171008K, 0% used [0x00000006c7000000,0x00000006c7002000,0x00000006d1700000)
 Metaspace       used 12318K, capacity 12522K, committed 12544K, reserved 1060864K
  class space    used 1490K, capacity 1527K, committed 1536K, reserved 1048576K
}
Event: 2,966 GC heap before
{Heap before GC invocations=2 (full 0):
 PSYoungGen      total 74752K, used 73350K [0x000000076d000000, 0x0000000776200000, 0x00000007c0000000)
  eden space 64512K, 100% used [0x000000076d000000,0x0000000770f00000,0x0000000770f00000)
  from space 10240K, 86% used [0x0000000770f00000,0x00000007717a1870,0x0000000771900000)
  to   space 10240K, 0% used [0x0000000775800000,0x0000000775800000,0x0000000776200000)
 ParOldGen       total 171008K, used 8K [0x00000006c7000000, 0x00000006d1700000, 0x000000076d000000)
  object space 171008K, 0% used [0x00000006c7000000,0x00000006c7002000,0x00000006d1700000)
 Metaspace       used 20468K, capacity 20848K, committed 20992K, reserved 1067008K
  class space    used 2452K, capacity 2543K, committed 2560K, reserved 1048576K
Event: 3,018 GC heap after
Heap after GC invocations=2 (full 0):
 PSYoungGen      total 139264K, used 9895K [0x000000076d000000, 0x0000000776200000, 0x00000007c0000000)
  eden space 129024K, 0% used [0x000000076d000000,0x000000076d000000,0x0000000774e00000)
  from space 10240K, 96% used [0x0000000775800000,0x00000007761a9ef8,0x0000000776200000)
  to   space 10240K, 0% used [0x0000000774e00000,0x0000000774e00000,0x0000000775800000)
 ParOldGen       total 171008K, used 80K [0x00000006c7000000, 0x00000006d1700000, 0x000000076d000000)
  object space 171008K, 0% used [0x00000006c7000000,0x00000006c7014010,0x00000006d1700000)
 Metaspace       used 20468K, capacity 20848K, committed 20992K, reserved 1067008K
  class space    used 2452K, capacity 2543K, committed 2560K, reserved 1048576K
}
Event: 3,121 GC heap before
{Heap before GC invocations=3 (full 0):
 PSYoungGen      total 139264K, used 20380K [0x000000076d000000, 0x0000000776200000, 0x00000007c0000000)
  eden space 129024K, 8% used [0x000000076d000000,0x000000076da3d260,0x0000000774e00000)
  from space 10240K, 96% used [0x0000000775800000,0x00000007761a9ef8,0x0000000776200000)
  to   space 10240K, 0% used [0x0000000774e00000,0x0000000774e00000,0x0000000775800000)
 ParOldGen       total 171008K, used 80K [0x00000006c7000000, 0x00000006d1700000, 0x000000076d000000)
  object space 171008K, 0% used [0x00000006c7000000,0x00000006c7014010,0x00000006d1700000)
 Metaspace       used 20768K, capacity 21072K, committed 21296K, reserved 1069056K
  class space    used 2489K, capacity 2575K, committed 2688K, reserved 1048576K
Event: 3,140 GC heap after
Heap after GC invocations=3 (full 0):
 PSYoungGen      total 139264K, used 6581K [0x000000076d000000, 0x000000077e000000, 0x00000007c0000000)
  eden space 129024K, 0% used [0x000000076d000000,0x000000076d000000,0x0000000774e00000)
  from space 10240K, 64% used [0x0000000774e00000,0x000000077546d788,0x0000000775800000)
  to   space 10240K, 0% used [0x000000077d600000,0x000000077d600000,0x000000077e000000)
 ParOldGen       total 171008K, used 88K [0x00000006c7000000, 0x00000006d1700000, 0x000000076d000000)
  object space 171008K, 0% used [0x00000006c7000000,0x00000006c7016010,0x00000006d1700000)
 Metaspace       used 20768K, capacity 21072K, committed 21296K, reserved 1069056K
  class space    used 2489K, capacity 2575K, committed 2688K, reserved 1048576K
}
Event: 3,140 GC heap before
{Heap before GC invocations=4 (full 1):
 PSYoungGen      total 139264K, used 6581K [0x000000076d000000, 0x000000077e000000, 0x00000007c0000000)
  eden space 129024K, 0% used [0x000000076d000000,0x000000076d000000,0x0000000774e00000)
  from space 10240K, 64% used [0x0000000774e00000,0x000000077546d788,0x0000000775800000)
  to   space 10240K, 0% used [0x000000077d600000,0x000000077d600000,0x000000077e000000)
 ParOldGen       total 171008K, used 88K [0x00000006c7000000, 0x00000006d1700000, 0x000000076d000000)
  object space 171008K, 0% used [0x00000006c7000000,0x00000006c7016010,0x00000006d1700000)
 Metaspace       used 20768K, capacity 21072K, committed 21296K, reserved 1069056K
  class space    used 2489K, capacity 2575K, committed 2688K, reserved 1048576K
Event: 3,182 GC heap after
Heap after GC invocations=4 (full 1):
 PSYoungGen      total 139264K, used 0K [0x000000076d000000, 0x000000077e000000, 0x00000007c0000000)
  eden space 129024K, 0% used [0x000000076d000000,0x000000076d000000,0x0000000774e00000)
  from space 10240K, 0% used [0x0000000774e00000,0x0000000774e00000,0x0000000775800000)
  to   space 10240K, 0% used [0x000000077d600000,0x000000077d600000,0x000000077e000000)
 ParOldGen       total 78848K, used 6478K [0x00000006c7000000, 0x00000006cbd00000, 0x000000076d000000)
  object space 78848K, 8% used [0x00000006c7000000,0x00000006c7653af8,0x00000006cbd00000)
 Metaspace       used 20768K, capacity 21072K, committed 21296K, reserved 1069056K
  class space    used 2489K, capacity 2575K, committed 2688K, reserved 1048576K
}
Event: 4,871 GC heap before
{Heap before GC invocations=5 (full 1):
 PSYoungGen      total 139264K, used 129024K [0x000000076d000000, 0x000000077e000000, 0x00000007c0000000)
  eden space 129024K, 100% used [0x000000076d000000,0x0000000774e00000,0x0000000774e00000)
  from space 10240K, 0% used [0x0000000774e00000,0x0000000774e00000,0x0000000775800000)
  to   space 10240K, 0% used [0x000000077d600000,0x000000077d600000,0x000000077e000000)
 ParOldGen       total 78848K, used 6478K [0x00000006c7000000, 0x00000006cbd00000, 0x000000076d000000)
  object space 78848K, 8% used [0x00000006c7000000,0x00000006c7653af8,0x00000006cbd00000)
 Metaspace       used 25137K, capacity 25502K, committed 25728K, reserved 1071104K
  class space    used 3070K, capacity 3164K, committed 3200K, reserved 1048576K
Event: 4,893 GC heap after
Heap after GC invocations=5 (full 1):
 PSYoungGen      total 248832K, used 8510K [0x000000076d000000, 0x000000077de80000, 0x00000007c0000000)
  eden space 240128K, 0% used [0x000000076d000000,0x000000076d000000,0x000000077ba80000)
  from space 8704K, 97% used [0x000000077d600000,0x000000077de4fb80,0x000000077de80000)
  to   space 10240K, 0% used [0x000000077ca80000,0x000000077ca80000,0x000000077d480000)
 ParOldGen       total 78848K, used 6486K [0x00000006c7000000, 0x00000006cbd00000, 0x000000076d000000)
  object space 78848K, 8% used [0x00000006c7000000,0x00000006c7655af8,0x00000006cbd00000)
 Metaspace       used 25137K, capacity 25502K, committed 25728K, reserved 1071104K
  class space    used 3070K, capacity 3164K, committed 3200K, reserved 1048576K
}
Event: 30,781 GC heap before
{Heap before GC invocations=6 (full 1):
 PSYoungGen      total 248832K, used 209232K [0x000000076d000000, 0x000000077de80000, 0x00000007c0000000)
  eden space 240128K, 83% used [0x000000076d000000,0x0000000779404568,0x000000077ba80000)
  from space 8704K, 97% used [0x000000077d600000,0x000000077de4fb80,0x000000077de80000)
  to   space 10240K, 0% used [0x000000077ca80000,0x000000077ca80000,0x000000077d480000)
 ParOldGen       total 78848K, used 6486K [0x00000006c7000000, 0x00000006cbd00000, 0x000000076d000000)
  object space 78848K, 8% used [0x00000006c7000000,0x00000006c7655af8,0x00000006cbd00000)
 Metaspace       used 34823K, capacity 35190K, committed 35456K, reserved 1081344K
  class space    used 4258K, capacity 4368K, committed 4480K, reserved 1048576K

